Analysis & Synthesis report for yjc
Sun Apr 01 09:55:50 2018
Quartus II Version 9.0 Build 132 02/25/2009 SJ Full Version


---------------------
; Table of Contents ;
---------------------
  1. Legal Notice
  2. Analysis & Synthesis Summary
  3. Analysis & Synthesis Settings
  4. Analysis & Synthesis Source Files Read
  5. Analysis & Synthesis Resource Usage Summary
  6. Analysis & Synthesis Resource Utilization by Entity
  7. State Machine - |yjc|current_state
  8. Registers Removed During Synthesis
  9. Removed Registers Triggering Further Register Optimizations
 10. General Register Statistics
 11. Multiplexer Restructuring Statistics (Restructuring Performed)
 12. Parameter Settings for User Entity Instance: Top-level Entity: |yjc
 13. Analysis & Synthesis Messages



----------------
; Legal Notice ;
----------------
Copyright (C) 1991-2009 Altera Corporation
Your use of Altera Corporation's design tools, logic functions 
and other software and tools, and its AMPP partner logic 
functions, and any output files from any of the foregoing 
(including device programming or simulation files), and any 
associated documentation or information are expressly subject 
to the terms and conditions of the Altera Program License 
Subscription Agreement, Altera MegaCore Function License 
Agreement, or other applicable license agreement, including, 
without limitation, that your use is for the sole purpose of 
programming logic devices manufactured by Altera and sold by 
Altera or its authorized distributors.  Please refer to the 
applicable agreement for further details.



+-------------------------------------------------------------------------------+
; Analysis & Synthesis Summary                                                  ;
+------------------------------------+------------------------------------------+
; Analysis & Synthesis Status        ; Successful - Sun Apr 01 09:55:50 2018    ;
; Quartus II Version                 ; 9.0 Build 132 02/25/2009 SJ Full Version ;
; Revision Name                      ; yjc                                      ;
; Top-level Entity Name              ; yjc                                      ;
; Family                             ; Cyclone II                               ;
; Total logic elements               ; 152                                      ;
;     Total combinational functions  ; 151                                      ;
;     Dedicated logic registers      ; 57                                       ;
; Total registers                    ; 57                                       ;
; Total pins                         ; 105                                      ;
; Total virtual pins                 ; 0                                        ;
; Total memory bits                  ; 0                                        ;
; Embedded Multiplier 9-bit elements ; 0                                        ;
; Total PLLs                         ; 0                                        ;
+------------------------------------+------------------------------------------+


+----------------------------------------------------------------------------------------------------------+
; Analysis & Synthesis Settings                                                                            ;
+----------------------------------------------------------------+--------------------+--------------------+
; Option                                                         ; Setting            ; Default Value      ;
+----------------------------------------------------------------+--------------------+--------------------+
; Device                                                         ; EP2C35F672C6       ;                    ;
; Top-level entity name                                          ; yjc                ; yjc                ;
; Family name                                                    ; Cyclone II         ; Stratix II         ;
; Use Generated Physical Constraints File                        ; Off                ;                    ;
; Use smart compilation                                          ; Off                ; Off                ;
; Restructure Multiplexers                                       ; Auto               ; Auto               ;
; Create Debugging Nodes for IP Cores                            ; Off                ; Off                ;
; Preserve fewer node names                                      ; On                 ; On                 ;
; Disable OpenCore Plus hardware evaluation                      ; Off                ; Off                ;
; Verilog Version                                                ; Verilog_2001       ; Verilog_2001       ;
; VHDL Version                                                   ; VHDL93             ; VHDL93             ;
; State Machine Processing                                       ; Auto               ; Auto               ;
; Safe State Machine                                             ; Off                ; Off                ;
; Extract Verilog State Machines                                 ; On                 ; On                 ;
; Extract VHDL State Machines                                    ; On                 ; On                 ;
; Ignore Verilog initial constructs                              ; Off                ; Off                ;
; Iteration limit for constant Verilog loops                     ; 5000               ; 5000               ;
; Iteration limit for non-constant Verilog loops                 ; 250                ; 250                ;
; Add Pass-Through Logic to Inferred RAMs                        ; On                 ; On                 ;
; Parallel Synthesis                                             ; Off                ; Off                ;
; DSP Block Balancing                                            ; Auto               ; Auto               ;
; NOT Gate Push-Back                                             ; On                 ; On                 ;
; Power-Up Don't Care                                            ; On                 ; On                 ;
; Remove Redundant Logic Cells                                   ; Off                ; Off                ;
; Remove Duplicate Registers                                     ; On                 ; On                 ;
; Ignore CARRY Buffers                                           ; Off                ; Off                ;
; Ignore CASCADE Buffers                                         ; Off                ; Off                ;
; Ignore GLOBAL Buffers                                          ; Off                ; Off                ;
; Ignore ROW GLOBAL Buffers                                      ; Off                ; Off                ;
; Ignore LCELL Buffers                                           ; Off                ; Off                ;
; Ignore SOFT Buffers                                            ; On                 ; On                 ;
; Limit AHDL Integers to 32 Bits                                 ; Off                ; Off                ;
; Optimization Technique                                         ; Balanced           ; Balanced           ;
; Carry Chain Length                                             ; 70                 ; 70                 ;
; Auto Carry Chains                                              ; On                 ; On                 ;
; Auto Open-Drain Pins                                           ; On                 ; On                 ;
; Perform WYSIWYG Primitive Resynthesis                          ; Off                ; Off                ;
; Auto ROM Replacement                                           ; On                 ; On                 ;
; Auto RAM Replacement                                           ; On                 ; On                 ;
; Auto Shift Register Replacement                                ; Auto               ; Auto               ;
; Auto Clock Enable Replacement                                  ; On                 ; On                 ;
; Strict RAM Replacement                                         ; Off                ; Off                ;
; Allow Synchronous Control Signals                              ; On                 ; On                 ;
; Force Use of Synchronous Clear Signals                         ; Off                ; Off                ;
; Auto RAM to Logic Cell Conversion                              ; Off                ; Off                ;
; Auto Resource Sharing                                          ; Off                ; Off                ;
; Allow Any RAM Size For Recognition                             ; Off                ; Off                ;
; Allow Any ROM Size For Recognition                             ; Off                ; Off                ;
; Allow Any Shift Register Size For Recognition                  ; Off                ; Off                ;
; Use LogicLock Constraints during Resource Balancing            ; On                 ; On                 ;
; Ignore translate_off and synthesis_off directives              ; Off                ; Off                ;
; Timing-Driven Synthesis                                        ; Off                ; Off                ;
; Show Parameter Settings Tables in Synthesis Report             ; On                 ; On                 ;
; Ignore Maximum Fan-Out Assignments                             ; Off                ; Off                ;
; Synchronization Register Chain Length                          ; 2                  ; 2                  ;
; PowerPlay Power Optimization                                   ; Normal compilation ; Normal compilation ;
; HDL message level                                              ; Level2             ; Level2             ;
; Suppress Register Optimization Related Messages                ; Off                ; Off                ;
; Number of Removed Registers Reported in Synthesis Report       ; 100                ; 100                ;
; Number of Inverted Registers Reported in Synthesis Report      ; 100                ; 100                ;
; Clock MUX Protection                                           ; On                 ; On                 ;
; Auto Gated Clock Conversion                                    ; Off                ; Off                ;
; Block Design Naming                                            ; Auto               ; Auto               ;
; SDC constraint protection                                      ; Off                ; Off                ;
; Synthesis Effort                                               ; Auto               ; Auto               ;
; Allows Asynchronous Clear Usage For Shift Register Replacement ; On                 ; On                 ;
; Analysis & Synthesis Message Level                             ; Medium             ; Medium             ;
+----------------------------------------------------------------+--------------------+--------------------+


+---------------------------------------------------------------------------------------------------------------+
; Analysis & Synthesis Source Files Read                                                                        ;
+----------------------------------+-----------------+------------------------+---------------------------------+
; File Name with User-Entered Path ; Used in Netlist ; File Type              ; File Name with Absolute Path    ;
+----------------------------------+-----------------+------------------------+---------------------------------+
; yjc.v                            ; yes             ; User Verilog HDL File  ; C:/Users/Dell/Desktop/yjc/yjc.v ;
+----------------------------------+-----------------+------------------------+---------------------------------+


+-------------------------------------------------------+
; Analysis & Synthesis Resource Usage Summary           ;
+---------------------------------------------+---------+
; Resource                                    ; Usage   ;
+---------------------------------------------+---------+
; Estimated Total logic elements              ; 152     ;
;                                             ;         ;
; Total combinational functions               ; 151     ;
; Logic element usage by number of LUT inputs ;         ;
;     -- 4 input functions                    ; 68      ;
;     -- 3 input functions                    ; 22      ;
;     -- <=2 input functions                  ; 61      ;
;                                             ;         ;
; Logic elements by mode                      ;         ;
;     -- normal mode                          ; 110     ;
;     -- arithmetic mode                      ; 41      ;
;                                             ;         ;
; Total registers                             ; 57      ;
;     -- Dedicated logic registers            ; 57      ;
;     -- I/O registers                        ; 0       ;
;                                             ;         ;
; I/O pins                                    ; 105     ;
; Maximum fan-out node                        ; aft_clk ;
; Maximum fan-out                             ; 34      ;
; Total fan-out                               ; 720     ;
; Average fan-out                             ; 2.30    ;
+---------------------------------------------+---------+


+-----------------------------------------------------------------------------------------------------------------------------------------------------------------------------+
; Analysis & Synthesis Resource Utilization by Entity                                                                                                                         ;
+----------------------------+-------------------+--------------+-------------+--------------+---------+-----------+------+--------------+---------------------+--------------+
; Compilation Hierarchy Node ; LC Combinationals ; LC Registers ; Memory Bits ; DSP Elements ; DSP 9x9 ; DSP 18x18 ; Pins ; Virtual Pins ; Full Hierarchy Name ; Library Name ;
+----------------------------+-------------------+--------------+-------------+--------------+---------+-----------+------+--------------+---------------------+--------------+
; |yjc                       ; 151 (151)         ; 57 (57)      ; 0           ; 0            ; 0       ; 0         ; 105  ; 0            ; |yjc                ; work         ;
+----------------------------+-------------------+--------------+-------------+--------------+---------+-----------+------+--------------+---------------------+--------------+
Note: For table entries with two numbers listed, the numbers in parentheses indicate the number of resources of the given type used by the specific entity alone. The numbers listed outside of parentheses indicate the total resources of the given type used by the specific entity and all of its sub-entities in the hierarchy.


Encoding Type:  One-Hot
+----------------------------------------------------------------------------------------------------------------------------------------------------------------+
; State Machine - |yjc|current_state                                                                                                                             ;
+------------------------+------------------------+-----------------------+----------------------+-------------------+----------------------+--------------------+
; Name                   ; current_state.deal_not ; current_state.deal_ok ; current_state.pay_ok ; current_state.pay ; current_state.choose ; current_state.idle ;
+------------------------+------------------------+-----------------------+----------------------+-------------------+----------------------+--------------------+
; current_state.idle     ; 0                      ; 0                     ; 0                    ; 0                 ; 0                    ; 0                  ;
; current_state.choose   ; 0                      ; 0                     ; 0                    ; 0                 ; 1                    ; 1                  ;
; current_state.pay      ; 0                      ; 0                     ; 0                    ; 1                 ; 0                    ; 1                  ;
; current_state.pay_ok   ; 0                      ; 0                     ; 1                    ; 0                 ; 0                    ; 1                  ;
; current_state.deal_ok  ; 0                      ; 1                     ; 0                    ; 0                 ; 0                    ; 1                  ;
; current_state.deal_not ; 1                      ; 0                     ; 0                    ; 0                 ; 0                    ; 1                  ;
+------------------------+------------------------+-----------------------+----------------------+-------------------+----------------------+--------------------+


+--------------------------------------------------------------------------------+
; Registers Removed During Synthesis                                             ;
+---------------------------------------+----------------------------------------+
; Register name                         ; Reason for Removal                     ;
+---------------------------------------+----------------------------------------+
; need_money_temp[0]                    ; Merged with need_money_temp[5]         ;
; need_money_temp[1]                    ; Merged with need_money_temp[3]         ;
; need_money_temp[5]                    ; Stuck at GND due to stuck port data_in ;
; need_money[0,5]                       ; Stuck at GND due to stuck port data_in ;
; need_money[1]                         ; Merged with need_money[3]              ;
; Total Number of Removed Registers = 6 ;                                        ;
+---------------------------------------+----------------------------------------+


+-----------------------------------------------------------------------------------------+
; Removed Registers Triggering Further Register Optimizations                             ;
+--------------------+---------------------------+----------------------------------------+
; Register name      ; Reason for Removal        ; Registers Removed due to This Register ;
+--------------------+---------------------------+----------------------------------------+
; need_money_temp[5] ; Stuck at GND              ; need_money[5], need_money[0]           ;
;                    ; due to stuck port data_in ;                                        ;
+--------------------+---------------------------+----------------------------------------+


+------------------------------------------------------+
; General Register Statistics                          ;
+----------------------------------------------+-------+
; Statistic                                    ; Value ;
+----------------------------------------------+-------+
; Total registers                              ; 57    ;
; Number of registers using Synchronous Clear  ; 0     ;
; Number of registers using Synchronous Load   ; 5     ;
; Number of registers using Asynchronous Clear ; 57    ;
; Number of registers using Asynchronous Load  ; 0     ;
; Number of registers using Clock Enable       ; 18    ;
; Number of registers using Preset             ; 0     ;
+----------------------------------------------+-------+


+------------------------------------------------------------------------------------------------------------------------------------------+
; Multiplexer Restructuring Statistics (Restructuring Performed)                                                                           ;
+--------------------+-----------+---------------+----------------------+------------------------+------------+----------------------------+
; Multiplexer Inputs ; Bus Width ; Baseline Area ; Area if Restructured ; Saving if Restructured ; Registered ; Example Multiplexer Output ;
+--------------------+-----------+---------------+----------------------+------------------------+------------+----------------------------+
; 3:1                ; 5 bits    ; 10 LEs        ; 10 LEs               ; 0 LEs                  ; Yes        ; |yjc|given_money_temp[4]   ;
; 4:1                ; 3 bits    ; 6 LEs         ; 6 LEs                ; 0 LEs                  ; Yes        ; |yjc|need_money_temp[4]    ;
; 4:1                ; 6 bits    ; 12 LEs        ; 12 LEs               ; 0 LEs                  ; Yes        ; |yjc|change_money[5]       ;
+--------------------+-----------+---------------+----------------------+------------------------+------------+----------------------------+


+---------------------------------------------------------------------+
; Parameter Settings for User Entity Instance: Top-level Entity: |yjc ;
+----------------+---------+------------------------------------------+
; Parameter Name ; Value   ; Type                                     ;
+----------------+---------+------------------------------------------+
; idle           ; 000001  ; Unsigned Binary                          ;
; choose         ; 000010  ; Unsigned Binary                          ;
; pay            ; 000100  ; Unsigned Binary                          ;
; pay_ok         ; 001000  ; Unsigned Binary                          ;
; deal_ok        ; 010000  ; Unsigned Binary                          ;
; deal_not       ; 100000  ; Unsigned Binary                          ;
; zero           ; 1000000 ; Unsigned Binary                          ;
; one            ; 1111001 ; Unsigned Binary                          ;
; two            ; 0100100 ; Unsigned Binary                          ;
; three          ; 0110000 ; Unsigned Binary                          ;
; four           ; 0011001 ; Unsigned Binary                          ;
; five           ; 0010010 ; Unsigned Binary                          ;
; six            ; 0000010 ; Unsigned Binary                          ;
; seven          ; 1111000 ; Unsigned Binary                          ;
; eight          ; 0000000 ; Unsigned Binary                          ;
; nine           ; 0010000 ; Unsigned Binary                          ;
+----------------+---------+------------------------------------------+
Note: In order to hide this table in the UI and the text report file, please set the "Show Parameter Settings Tables in Synthesis Report" option in "Analysis and Synthesis Settings -> More Settings" to "Off".


+-------------------------------+
; Analysis & Synthesis Messages ;
+-------------------------------+
Info: *******************************************************************
Info: Running Quartus II Analysis & Synthesis
    Info: Version 9.0 Build 132 02/25/2009 SJ Full Version
    Info: Processing started: Sun Apr 01 09:55:46 2018
Info: Command: quartus_map --read_settings_files=on --write_settings_files=off yjc -c yjc
Info: Found 1 design units, including 1 entities, in source file yjc.v
    Info: Found entity 1: yjc
Info: Elaborating entity "yjc" for the top level hierarchy
Warning (10230): Verilog HDL assignment warning at yjc.v(52): truncated value with size 32 to match size of target (24)
Warning (10230): Verilog HDL assignment warning at yjc.v(168): truncated value with size 32 to match size of target (6)
Warning (10230): Verilog HDL assignment warning at yjc.v(170): truncated value with size 32 to match size of target (6)
Warning (10230): Verilog HDL assignment warning at yjc.v(172): truncated value with size 32 to match size of target (6)
Warning (10034): Output port "LEDG[6]" at yjc.v(6) has no driver
Warning (10034): Output port "LEDG[5]" at yjc.v(6) has no driver
Warning (10034): Output port "LEDG[4]" at yjc.v(6) has no driver
Warning (10034): Output port "LEDG[2]" at yjc.v(6) has no driver
Warning (10034): Output port "LEDG[1]" at yjc.v(6) has no driver
Warning: Output pins are stuck at VCC or GND
    Warning (13410): Pin "LEDG[1]" is stuck at GND
    Warning (13410): Pin "LEDG[2]" is stuck at GND
    Warning (13410): Pin "LEDG[4]" is stuck at GND
    Warning (13410): Pin "LEDG[5]" is stuck at GND
    Warning (13410): Pin "LEDG[6]" is stuck at GND
    Warning (13410): Pin "HEX7[1]" is stuck at GND
    Warning (13410): Pin "HEX6[1]" is stuck at GND
    Warning (13410): Pin "HEX6[2]" is stuck at GND
    Warning (13410): Pin "HEX6[5]" is stuck at GND
    Warning (13410): Pin "HEX5[1]" is stuck at GND
    Warning (13410): Pin "HEX2[1]" is stuck at GND
    Warning (13410): Pin "HEX1[1]" is stuck at GND
    Warning (13410): Pin "HEX1[2]" is stuck at GND
    Warning (13410): Pin "HEX1[6]" is stuck at VCC
    Warning (13410): Pin "HEX0[1]" is stuck at GND
Warning: Design contains 2 input pin(s) that do not drive logic
    Warning (15610): No output dependent on input pin "KEY[1]"
    Warning (15610): No output dependent on input pin "KEY[2]"
Info: Implemented 257 device resources after synthesis - the final resource count might be different
    Info: Implemented 23 input pins
    Info: Implemented 82 output pins
    Info: Implemented 152 logic cells
Info: Quartus II Analysis & Synthesis was successful. 0 errors, 28 warnings
    Info: Peak virtual memory: 245 megabytes
    Info: Processing ended: Sun Apr 01 09:55:50 2018
    Info: Elapsed time: 00:00:04
    Info: Total CPU time (on all processors): 00:00:03


