Flow report for avalon_sis
Tue Apr 03 16:41:54 2018
Quartus II Version 9.0 Build 132 02/25/2009 SJ Full Version


---------------------
; Table of Contents ;
---------------------
  1. Legal Notice
  2. Flow Summary
  3. Flow Settings
  4. Flow Non-Default Global Settings
  5. Flow Elapsed Time
  6. Flow OS Summary
  7. Flow Log



----------------
; Legal Notice ;
----------------
Copyright (C) 1991-2009 Altera Corporation
Your use of Altera Corporation's design tools, logic functions 
and other software and tools, and its AMPP partner logic 
functions, and any output files from any of the foregoing 
(including device programming or simulation files), and any 
associated documentation or information are expressly subject 
to the terms and conditions of the Altera Program License 
Subscription Agreement, Altera MegaCore Function License 
Agreement, or other applicable license agreement, including, 
without limitation, that your use is for the sole purpose of 
programming logic devices manufactured by Altera and sold by 
Altera or its authorized distributors.  Please refer to the 
applicable agreement for further details.



+-------------------------------------------------------------------------------+
; Flow Summary                                                                  ;
+------------------------------------+------------------------------------------+
; Flow Status                        ; Successful - Tue Apr 03 16:41:54 2018    ;
; Quartus II Version                 ; 9.0 Build 132 02/25/2009 SJ Full Version ;
; Revision Name                      ; avalon_sis                               ;
; Top-level Entity Name              ; avalon_sis                               ;
; Family                             ; Cyclone II                               ;
; Device                             ; EP2C35F672C6                             ;
; Timing Models                      ; Final                                    ;
; Met timing requirements            ; Yes                                      ;
; Total logic elements               ; 2,580 / 33,216 ( 8 % )                   ;
;     Total combinational functions  ; 2,271 / 33,216 ( 7 % )                   ;
;     Dedicated logic registers      ; 1,451 / 33,216 ( 4 % )                   ;
; Total registers                    ; 1451                                     ;
; Total pins                         ; 84 / 475 ( 18 % )                        ;
; Total virtual pins                 ; 0                                        ;
; Total memory bits                  ; 307,200 / 483,840 ( 63 % )               ;
; Embedded Multiplier 9-bit elements ; 4 / 70 ( 6 % )                           ;
; Total PLLs                         ; 0 / 4 ( 0 % )                            ;
+------------------------------------+------------------------------------------+


+-----------------------------------------+
; Flow Settings                           ;
+-------------------+---------------------+
; Option            ; Setting             ;
+-------------------+---------------------+
; Start date & time ; 04/03/2018 16:40:19 ;
; Main task         ; Compilation         ;
; Revision Name     ; avalon_sis          ;
+-------------------+---------------------+


+-------------------------------------------------------------------------------------------------------------------------------------+
; Flow Non-Default Global Settings                                                                                                    ;
+------------------------------------+-------------------------------------------------+---------------+-------------+----------------+
; Assignment Name                    ; Value                                           ; Default Value ; Entity Name ; Section Id     ;
+------------------------------------+-------------------------------------------------+---------------+-------------+----------------+
; COMPILER_SIGNATURE_ID              ; 110337781734891.152274481906788                 ; --            ; --          ; --             ;
; MAX_CORE_JUNCTION_TEMP             ; 85                                              ; --            ; --          ; --             ;
; MIN_CORE_JUNCTION_TEMP             ; 0                                               ; --            ; --          ; --             ;
; MISC_FILE                          ; C:/Users/Dell/Desktop/avalon_sis/avalon_sis.dpf ; --            ; --          ; --             ;
; PARTITION_COLOR                    ; 16764057                                        ; --            ; --          ; Top            ;
; PARTITION_NETLIST_TYPE             ; SOURCE                                          ; --            ; --          ; Top            ;
; SOPC_BUILDER_SIGNATURE_ID          ; 005056C00001000001628A70FBA6                    ; --            ; --          ; --             ;
; USE_GENERATED_PHYSICAL_CONSTRAINTS ; Off                                             ; --            ; --          ; eda_blast_fpga ;
+------------------------------------+-------------------------------------------------+---------------+-------------+----------------+


+-----------------------------------------------------------------------------------------------------------------------------+
; Flow Elapsed Time                                                                                                           ;
+-------------------------+--------------+-------------------------+---------------------+------------------------------------+
; Module Name             ; Elapsed Time ; Average Processors Used ; Peak Virtual Memory ; Total CPU Time (on all processors) ;
+-------------------------+--------------+-------------------------+---------------------+------------------------------------+
; Analysis & Synthesis    ; 00:00:37     ; 1.0                     ; 299 MB              ; 00:00:36                           ;
; Fitter                  ; 00:00:33     ; 1.4                     ; 346 MB              ; 00:00:38                           ;
; Assembler               ; 00:00:06     ; 1.0                     ; 292 MB              ; 00:00:06                           ;
; Classic Timing Analyzer ; 00:00:02     ; 1.0                     ; 219 MB              ; 00:00:02                           ;
; Total                   ; 00:01:18     ; --                      ; --                  ; 00:01:22                           ;
+-------------------------+--------------+-------------------------+---------------------+------------------------------------+


+------------------------------------------------------------------------------------------+
; Flow OS Summary                                                                          ;
+-------------------------+------------------+---------------+------------+----------------+
; Module Name             ; Machine Hostname ; OS Name       ; OS Version ; Processor type ;
+-------------------------+------------------+---------------+------------+----------------+
; Analysis & Synthesis    ; YuanJiacai       ; Windows Vista ; 6.2        ; x86_64         ;
; Fitter                  ; YuanJiacai       ; Windows Vista ; 6.2        ; x86_64         ;
; Assembler               ; YuanJiacai       ; Windows Vista ; 6.2        ; x86_64         ;
; Classic Timing Analyzer ; YuanJiacai       ; Windows Vista ; 6.2        ; x86_64         ;
+-------------------------+------------------+---------------+------------+----------------+


------------
; Flow Log ;
------------
quartus_map --read_settings_files=on --write_settings_files=off avalon_sis -c avalon_sis
quartus_fit --read_settings_files=off --write_settings_files=off avalon_sis -c avalon_sis
quartus_asm --read_settings_files=off --write_settings_files=off avalon_sis -c avalon_sis
quartus_tan --read_settings_files=off --write_settings_files=off avalon_sis -c avalon_sis --timing_analysis_only



