Flow report for led_soft
Tue Mar 20 13:08:23 2018
Quartus II Version 9.0 Build 132 02/25/2009 SJ Full Version


---------------------
; Table of Contents ;
---------------------
  1. Legal Notice
  2. Flow Summary
  3. Flow Settings
  4. Flow Non-Default Global Settings
  5. Flow Elapsed Time
  6. Flow OS Summary
  7. Flow Log



----------------
; Legal Notice ;
----------------
Copyright (C) 1991-2009 Altera Corporation
Your use of Altera Corporation's design tools, logic functions 
and other software and tools, and its AMPP partner logic 
functions, and any output files from any of the foregoing 
(including device programming or simulation files), and any 
associated documentation or information are expressly subject 
to the terms and conditions of the Altera Program License 
Subscription Agreement, Altera MegaCore Function License 
Agreement, or other applicable license agreement, including, 
without limitation, that your use is for the sole purpose of 
programming logic devices manufactured by Altera and sold by 
Altera or its authorized distributors.  Please refer to the 
applicable agreement for further details.



+-------------------------------------------------------------------------------+
; Flow Summary                                                                  ;
+------------------------------------+------------------------------------------+
; Flow Status                        ; Successful - Tue Mar 20 13:08:23 2018    ;
; Quartus II Version                 ; 9.0 Build 132 02/25/2009 SJ Full Version ;
; Revision Name                      ; led_soft                                 ;
; Top-level Entity Name              ; led_soft                                 ;
; Family                             ; Cyclone II                               ;
; Device                             ; EP2C35F672C6                             ;
; Timing Models                      ; Final                                    ;
; Met timing requirements            ; Yes                                      ;
; Total logic elements               ; 2,110 / 33,216 ( 6 % )                   ;
;     Total combinational functions  ; 1,858 / 33,216 ( 6 % )                   ;
;     Dedicated logic registers      ; 1,307 / 33,216 ( 4 % )                   ;
; Total registers                    ; 1307                                     ;
; Total pins                         ; 10 / 475 ( 2 % )                         ;
; Total virtual pins                 ; 0                                        ;
; Total memory bits                  ; 110,336 / 483,840 ( 23 % )               ;
; Embedded Multiplier 9-bit elements ; 4 / 70 ( 6 % )                           ;
; Total PLLs                         ; 0 / 4 ( 0 % )                            ;
+------------------------------------+------------------------------------------+


+-----------------------------------------+
; Flow Settings                           ;
+-------------------+---------------------+
; Option            ; Setting             ;
+-------------------+---------------------+
; Start date & time ; 03/20/2018 13:06:51 ;
; Main task         ; Compilation         ;
; Revision Name     ; led_soft            ;
+-------------------+---------------------+


+---------------------------------------------------------------------------------------------------------------------+
; Flow Non-Default Global Settings                                                                                    ;
+------------------------------------+---------------------------------+---------------+-------------+----------------+
; Assignment Name                    ; Value                           ; Default Value ; Entity Name ; Section Id     ;
+------------------------------------+---------------------------------+---------------+-------------+----------------+
; COMPILER_SIGNATURE_ID              ; 110337781734891.152152241105532 ; --            ; --          ; --             ;
; MAX_CORE_JUNCTION_TEMP             ; 85                              ; --            ; --          ; --             ;
; MIN_CORE_JUNCTION_TEMP             ; 0                               ; --            ; --          ; --             ;
; PARTITION_COLOR                    ; 16764057                        ; --            ; --          ; Top            ;
; PARTITION_NETLIST_TYPE             ; SOURCE                          ; --            ; --          ; Top            ;
; SOPC_BUILDER_SIGNATURE_ID          ; 005056C000010000016241BA82A8    ; --            ; --          ; --             ;
; USE_GENERATED_PHYSICAL_CONSTRAINTS ; Off                             ; --            ; --          ; eda_blast_fpga ;
+------------------------------------+---------------------------------+---------------+-------------+----------------+


+-----------------------------------------------------------------------------------------------------------------------------+
; Flow Elapsed Time                                                                                                           ;
+-------------------------+--------------+-------------------------+---------------------+------------------------------------+
; Module Name             ; Elapsed Time ; Average Processors Used ; Peak Virtual Memory ; Total CPU Time (on all processors) ;
+-------------------------+--------------+-------------------------+---------------------+------------------------------------+
; Analysis & Synthesis    ; 00:00:37     ; 1.0                     ; 301 MB              ; 00:00:35                           ;
; Fitter                  ; 00:00:31     ; 1.4                     ; 343 MB              ; 00:00:35                           ;
; Assembler               ; 00:00:06     ; 1.0                     ; 291 MB              ; 00:00:06                           ;
; Classic Timing Analyzer ; 00:00:02     ; 1.0                     ; 214 MB              ; 00:00:02                           ;
; Total                   ; 00:01:16     ; --                      ; --                  ; 00:01:18                           ;
+-------------------------+--------------+-------------------------+---------------------+------------------------------------+


+------------------------------------------------------------------------------------------+
; Flow OS Summary                                                                          ;
+-------------------------+------------------+---------------+------------+----------------+
; Module Name             ; Machine Hostname ; OS Name       ; OS Version ; Processor type ;
+-------------------------+------------------+---------------+------------+----------------+
; Analysis & Synthesis    ; YuanJiacai       ; Windows Vista ; 6.2        ; x86_64         ;
; Fitter                  ; YuanJiacai       ; Windows Vista ; 6.2        ; x86_64         ;
; Assembler               ; YuanJiacai       ; Windows Vista ; 6.2        ; x86_64         ;
; Classic Timing Analyzer ; YuanJiacai       ; Windows Vista ; 6.2        ; x86_64         ;
+-------------------------+------------------+---------------+------------+----------------+


------------
; Flow Log ;
------------
quartus_map --read_settings_files=on --write_settings_files=off led_soft -c led_soft
quartus_fit --read_settings_files=off --write_settings_files=off led_soft -c led_soft
quartus_asm --read_settings_files=off --write_settings_files=off led_soft -c led_soft
quartus_tan --read_settings_files=off --write_settings_files=off led_soft -c led_soft --timing_analysis_only



